<?xml version="1.0" encoding="UTF-8"?>
<coverage generated="1772147148858" clover="3.2.0">
  <project timestamp="1772147148859" name="All files">
    <metrics statements="91" coveredstatements="56" conditionals="60" coveredconditionals="29" methods="69" coveredmethods="48" elements="220" coveredelements="133" complexity="0" loc="91" ncloc="91" packages="2" files="3" classes="3"/>
    <package name="components">
      <metrics statements="68" coveredstatements="47" conditionals="60" coveredconditionals="29" methods="58" coveredmethods="39"/>
      <file name="FormularioTarea.vue" path="E:\CLASES\PF1161\M7\MÓDULO 7-20251105T122658Z-1-001\MÓDULO 7\L3\gestor-tareas-vuex\src\components\FormularioTarea.vue">
        <metrics statements="21" coveredstatements="14" conditionals="22" coveredconditionals="9" methods="13" coveredmethods="7"/>
        <line num="3" count="5" type="stmt"/>
        <line num="5" count="5" type="cond" truecount="2" falsecount="0"/>
        <line num="7" count="5" type="stmt"/>
        <line num="10" count="0" type="cond" truecount="2" falsecount="0"/>
        <line num="12" count="0" type="cond" truecount="2" falsecount="0"/>
        <line num="22" count="7" type="stmt"/>
        <line num="32" count="5" type="cond" truecount="2" falsecount="0"/>
        <line num="35" count="5" type="stmt"/>
        <line num="40" count="0" type="cond" truecount="0" falsecount="2"/>
        <line num="49" count="1" type="stmt"/>
        <line num="52" count="5" type="stmt"/>
        <line num="58" count="0" type="cond" truecount="0" falsecount="2"/>
        <line num="59" count="0" type="cond" truecount="0" falsecount="3"/>
        <line num="60" count="0" type="cond" truecount="0" falsecount="3"/>
        <line num="73" count="1" type="stmt"/>
        <line num="74" count="1" type="cond" truecount="1" falsecount="1"/>
        <line num="76" count="1" type="stmt"/>
        <line num="77" count="1" type="stmt"/>
        <line num="82" count="1" type="stmt"/>
        <line num="83" count="1" type="stmt"/>
        <line num="89" count="0" type="stmt"/>
      </file>
      <file name="ListaTareas.vue" path="E:\CLASES\PF1161\M7\MÓDULO 7-20251105T122658Z-1-001\MÓDULO 7\L3\gestor-tareas-vuex\src\components\ListaTareas.vue">
        <metrics statements="47" coveredstatements="33" conditionals="38" coveredconditionals="20" methods="45" coveredmethods="32"/>
        <line num="3" count="6" type="stmt"/>
        <line num="5" count="6" type="cond" truecount="2" falsecount="0"/>
        <line num="12" count="6" type="stmt"/>
        <line num="15" count="6" type="stmt"/>
        <line num="24" count="6" type="stmt"/>
        <line num="27" count="6" type="stmt"/>
        <line num="36" count="1" type="stmt"/>
        <line num="42" count="0" type="cond" truecount="2" falsecount="0"/>
        <line num="47" count="6" type="cond" truecount="2" falsecount="0"/>
        <line num="48" count="6" type="cond" truecount="2" falsecount="0"/>
        <line num="49" count="6" type="cond" truecount="2" falsecount="0"/>
        <line num="52" count="0" type="cond" truecount="2" falsecount="0"/>
        <line num="55" count="12" type="stmt"/>
        <line num="56" count="6" type="stmt"/>
        <line num="63" count="0" type="stmt"/>
        <line num="66" count="0" type="stmt"/>
        <line num="75" count="12" type="stmt"/>
        <line num="76" count="12" type="stmt"/>
        <line num="83" count="0" type="cond" truecount="0" falsecount="2"/>
        <line num="84" count="0" type="stmt"/>
        <line num="87" count="6" type="stmt"/>
        <line num="88" count="6" type="stmt"/>
        <line num="92" count="6" type="stmt"/>
        <line num="93" count="6" type="stmt"/>
        <line num="100" count="0" type="stmt"/>
        <line num="103" count="0" type="stmt"/>
        <line num="107" count="6" type="stmt"/>
        <line num="108" count="6" type="stmt"/>
        <line num="110" count="6" type="stmt"/>
        <line num="115" count="6" type="stmt"/>
        <line num="116" count="6" type="stmt"/>
        <line num="123" count="0" type="stmt"/>
        <line num="126" count="0" type="stmt"/>
        <line num="130" count="6" type="stmt"/>
        <line num="131" count="6" type="stmt"/>
        <line num="133" count="6" type="stmt"/>
        <line num="144" count="0" type="stmt"/>
        <line num="161" count="1" type="stmt"/>
        <line num="164" count="6" type="stmt"/>
        <line num="170" count="6" type="stmt"/>
        <line num="171" count="6" type="stmt"/>
        <line num="172" count="6" type="stmt"/>
        <line num="181" count="8" type="stmt"/>
        <line num="185" count="0" type="stmt"/>
        <line num="190" count="0" type="stmt"/>
        <line num="192" count="0" type="stmt"/>
        <line num="196" count="6" type="stmt"/>
      </file>
    </package>
    <package name="store.modules">
      <metrics statements="23" coveredstatements="9" conditionals="0" coveredconditionals="0" methods="11" coveredmethods="9"/>
      <file name="tareas.js" path="E:\CLASES\PF1161\M7\MÓDULO 7-20251105T122658Z-1-001\MÓDULO 7\L3\gestor-tareas-vuex\src\store\modules\tareas.js">
        <metrics statements="23" coveredstatements="9" conditionals="0" coveredconditionals="0" methods="11" coveredmethods="9"/>
        <line num="4" count="3" type="stmt"/>
        <line num="18" count="1" type="stmt"/>
        <line num="19" count="1" type="stmt"/>
        <line num="22" count="1" type="stmt"/>
        <line num="25" count="2" type="stmt"/>
        <line num="28" count="1" type="stmt"/>
        <line num="33" count="0" type="stmt"/>
        <line num="34" count="0" type="stmt"/>
        <line num="35" count="0" type="stmt"/>
        <line num="36" count="0" type="stmt"/>
        <line num="38" count="0" type="stmt"/>
        <line num="40" count="0" type="stmt"/>
        <line num="44" count="0" type="stmt"/>
        <line num="45" count="0" type="stmt"/>
        <line num="46" count="0" type="stmt"/>
        <line num="50" count="0" type="stmt"/>
        <line num="51" count="0" type="stmt"/>
        <line num="53" count="0" type="stmt"/>
        <line num="54" count="0" type="stmt"/>
        <line num="56" count="0" type="stmt"/>
        <line num="61" count="15" type="stmt"/>
        <line num="62" count="15" type="stmt"/>
        <line num="63" count="7" type="stmt"/>
      </file>
    </package>
  </project>
</coverage>
