{"E:\\CLASES\\PF1161\\M7\\MÓDULO 7-20251105T122658Z-1-001\\MÓDULO 7\\L3\\gestor-tareas-vuex\\src\\components\\FormularioTarea.vue": {"path":"E:\\CLASES\\PF1161\\M7\\MÓDULO 7-20251105T122658Z-1-001\\MÓDULO 7\\L3\\gestor-tareas-vuex\\src\\components\\FormularioTarea.vue","statementMap":{"0":{"start":{"line":49,"column":15},"end":{"line":93,"column":null}},"1":{"start":{"line":52,"column":4},"end":{"line":62,"column":null}},"2":{"start":{"line":58,"column":13},"end":{"line":58,"column":43}},"3":{"start":{"line":59,"column":13},"end":{"line":59,"column":80}},"4":{"start":{"line":60,"column":13},"end":{"line":60,"column":null}},"5":{"start":{"line":73,"column":24},"end":{"line":73,"column":null}},"6":{"start":{"line":74,"column":6},"end":{"line":74,"column":23}},"7":{"start":{"line":74,"column":18},"end":{"line":74,"column":23}},"8":{"start":{"line":76,"column":6},"end":{"line":90,"column":null}},"9":{"start":{"line":77,"column":8},"end":{"line":79,"column":null}},"10":{"start":{"line":82,"column":8},"end":{"line":82,"column":null}},"11":{"start":{"line":83,"column":8},"end":{"line":83,"column":null}},"12":{"start":{"line":89,"column":8},"end":{"line":89,"column":null}},"13":{"start":{"line":3,"column":2},"end":{"line":42,"column":18}},"14":{"start":{"line":7,"column":19},"end":{"line":42,"column":18}},"15":{"start":{"line":5,"column":52},"end":{"line":7,"column":19}},"16":{"start":{"line":35,"column":15},"end":{"line":34,"column":16}},"17":{"start":{"line":10,"column":65},"end":{"line":10,"column":null}},"18":{"start":{"line":22,"column":24},"end":{"line":34,"column":16}},"19":{"start":{"line":12,"column":19},"end":{"line":12,"column":null}},"20":{"start":{"line":32,"column":57},"end":{"line":34,"column":16}},"21":{"start":{"line":40,"column":62},"end":{"line":42,"column":18}}},"fnMap":{"0":{"name":"(anonymous_0)","decl":{"start":{"line":51,"column":2},"end":{"line":51,"column":6}},"loc":{"start":{"line":51,"column":9},"end":{"line":63,"column":3}},"line":51},"1":{"name":"(anonymous_1)","decl":{"start":{"line":58,"column":8},"end":{"line":58,"column":10}},"loc":{"start":{"line":58,"column":13},"end":{"line":58,"column":43}},"line":58},"2":{"name":"(anonymous_2)","decl":{"start":{"line":59,"column":8},"end":{"line":59,"column":10}},"loc":{"start":{"line":59,"column":13},"end":{"line":59,"column":80}},"line":59},"3":{"name":"(anonymous_3)","decl":{"start":{"line":60,"column":8},"end":{"line":60,"column":10}},"loc":{"start":{"line":60,"column":13},"end":{"line":60,"column":null}},"line":60},"4":{"name":"(anonymous_4)","decl":{"start":{"line":71,"column":10},"end":{"line":71,"column":22}},"loc":{"start":{"line":71,"column":25},"end":{"line":91,"column":null}},"line":71},"5":{"name":"(anonymous_5)","decl":{"start":{"line":4,"column":4},"end":{"line":4,"column":18}},"loc":{"start":{"line":7,"column":19},"end":{"line":42,"column":18}},"line":7},"6":{"name":"(anonymous_6)","decl":{"start":{"line":5,"column":6},"end":{"line":5,"column":14}},"loc":{"start":{"line":5,"column":52},"end":{"line":7,"column":19}},"line":5},"7":{"name":"(anonymous_7)","decl":{"start":{"line":10,"column":6},"end":{"line":10,"column":15}},"loc":{"start":{"line":35,"column":15},"end":{"line":34,"column":16}},"line":35},"8":{"name":"(anonymous_8)","decl":{"start":{"line":10,"column":65},"end":{"line":10,"column":71}},"loc":{"start":{"line":10,"column":65},"end":{"line":10,"column":null}},"line":10},"9":{"name":"(anonymous_9)","decl":{"start":{"line":11,"column":8},"end":{"line":11,"column":null}},"loc":{"start":{"line":22,"column":24},"end":{"line":34,"column":16}},"line":22},"10":{"name":"(anonymous_10)","decl":{"start":{"line":12,"column":19},"end":{"line":12,"column":24}},"loc":{"start":{"line":12,"column":19},"end":{"line":12,"column":null}},"line":12},"11":{"name":"(anonymous_11)","decl":{"start":{"line":32,"column":10},"end":{"line":32,"column":18}},"loc":{"start":{"line":32,"column":57},"end":{"line":34,"column":16}},"line":32},"12":{"name":"(anonymous_12)","decl":{"start":{"line":40,"column":6},"end":{"line":40,"column":14}},"loc":{"start":{"line":40,"column":62},"end":{"line":42,"column":18}},"line":40}},"branchMap":{"0":{"loc":{"start":{"line":58,"column":13},"end":{"line":58,"column":43}},"type":"binary-expr","locations":[{"start":{"line":58,"column":13},"end":{"line":58,"column":17}},{"start":{"line":58,"column":20},"end":{"line":58,"column":43}}],"line":58},"1":{"loc":{"start":{"line":59,"column":13},"end":{"line":59,"column":80}},"type":"binary-expr","locations":[{"start":{"line":59,"column":14},"end":{"line":59,"column":16}},{"start":{"line":59,"column":19},"end":{"line":59,"column":32}},{"start":{"line":59,"column":37},"end":{"line":59,"column":80}}],"line":59},"2":{"loc":{"start":{"line":60,"column":13},"end":{"line":60,"column":null}},"type":"binary-expr","locations":[{"start":{"line":60,"column":14},"end":{"line":60,"column":16}},{"start":{"line":60,"column":19},"end":{"line":60,"column":34}},{"start":{"line":60,"column":39},"end":{"line":60,"column":null}}],"line":60},"3":{"loc":{"start":{"line":74,"column":6},"end":{"line":74,"column":23}},"type":"if","locations":[{"start":{"line":74,"column":6},"end":{"line":74,"column":23}},{"start":{},"end":{}}],"line":74},"4":{"loc":{"start":{"line":5,"column":52},"end":{"line":7,"column":19}},"type":"binary-expr","locations":[{"start":{"line":5,"column":52},"end":{"line":5,"column":null}},{"start":{"line":5,"column":52},"end":{"line":7,"column":19}}],"line":5},"5":{"loc":{"start":{"line":10,"column":65},"end":{"line":10,"column":null}},"type":"binary-expr","locations":[{"start":{"line":10,"column":65},"end":{"line":10,"column":71}},{"start":{"line":10,"column":65},"end":{"line":10,"column":null}}],"line":10},"6":{"loc":{"start":{"line":12,"column":19},"end":{"line":12,"column":null}},"type":"binary-expr","locations":[{"start":{"line":12,"column":19},"end":{"line":12,"column":24}},{"start":{"line":12,"column":19},"end":{"line":12,"column":null}}],"line":12},"7":{"loc":{"start":{"line":32,"column":57},"end":{"line":34,"column":16}},"type":"binary-expr","locations":[{"start":{"line":32,"column":57},"end":{"line":32,"column":null}},{"start":{"line":32,"column":57},"end":{"line":34,"column":16}}],"line":32},"8":{"loc":{"start":{"line":39,"column":24},"end":{"line":42,"column":18}},"type":"cond-expr","locations":[{"start":{"line":39,"column":4},"end":{"line":42,"column":18}}],"line":39},"9":{"loc":{"start":{"line":40,"column":62},"end":{"line":42,"column":18}},"type":"binary-expr","locations":[{"start":{"line":40,"column":62},"end":{"line":40,"column":null}},{"start":{"line":40,"column":62},"end":{"line":42,"column":18}}],"line":40}},"s":{"0":1,"1":5,"2":0,"3":0,"4":0,"5":1,"6":1,"7":0,"8":1,"9":1,"10":1,"11":1,"12":0,"13":5,"14":5,"15":5,"16":5,"17":0,"18":7,"19":0,"20":5,"21":0},"f":{"0":5,"1":0,"2":0,"3":0,"4":1,"5":5,"6":5,"7":5,"8":0,"9":7,"10":0,"11":5,"12":0},"b":{"0":[0,0],"1":[0,0,0],"2":[0,0,0],"3":[0,1],"4":[5,5],"5":[5,5],"6":[7,5],"7":[5,5],"8":[0,null],"9":[0,0]},"meta":{"lastBranch":10,"lastFunction":13,"lastStatement":22,"seen":{"s:49:15:93:Infinity":0,"f:51:2:51:6":0,"s:52:4:62:Infinity":1,"f:58:8:58:10":1,"s:58:13:58:43":2,"b:58:13:58:17:58:20:58:43":0,"f:59:8:59:10":2,"s:59:13:59:80":3,"b:59:14:59:16:59:19:59:32:59:37:59:80":1,"f:60:8:60:10":3,"s:60:13:60:Infinity":4,"b:60:14:60:16:60:19:60:34:60:39:60:Infinity":2,"f:71:10:71:22":4,"s:73:24:73:Infinity":5,"b:74:6:74:23:undefined:undefined:undefined:undefined":3,"s:74:6:74:23":6,"s:74:18:74:23":7,"s:76:6:90:Infinity":8,"s:77:8:79:Infinity":9,"s:82:8:82:Infinity":10,"s:83:8:83:Infinity":11,"s:89:8:89:Infinity":12,"s:3:2:42:18":13,"f:4:4:4:18":5,"s:7:19:42:18":14,"f:5:6:5:14":6,"s:5:52:7:19":15,"b:5:52:5:Infinity:5:52:7:19":4,"f:10:6:10:15":7,"s:35:15:34:16":16,"b:10:65:10:71:10:65:10:Infinity":5,"f:10:65:10:71":8,"s:10:65:10:Infinity":17,"f:11:8:11:Infinity":9,"s:22:24:34:16":18,"b:12:19:12:24:12:19:12:Infinity":6,"f:12:19:12:24":10,"s:12:19:12:Infinity":19,"f:32:10:32:18":11,"s:32:57:34:16":20,"b:32:57:32:Infinity:32:57:34:16":7,"b:39:4:42:18":8,"f:40:6:40:14":12,"s:40:62:42:18":21,"b:40:62:40:Infinity:40:62:42:18":9}}}
,"E:\\CLASES\\PF1161\\M7\\MÓDULO 7-20251105T122658Z-1-001\\MÓDULO 7\\L3\\gestor-tareas-vuex\\src\\components\\ListaTareas.vue": {"path":"E:\\CLASES\\PF1161\\M7\\MÓDULO 7-20251105T122658Z-1-001\\MÓDULO 7\\L3\\gestor-tareas-vuex\\src\\components\\ListaTareas.vue","statementMap":{"0":{"start":{"line":161,"column":15},"end":{"line":198,"column":null}},"1":{"start":{"line":164,"column":4},"end":{"line":166,"column":null}},"2":{"start":{"line":170,"column":23},"end":{"line":170,"column":34}},"3":{"start":{"line":171,"column":24},"end":{"line":171,"column":37}},"4":{"start":{"line":172,"column":22},"end":{"line":172,"column":32}},"5":{"start":{"line":181,"column":6},"end":{"line":181,"column":null}},"6":{"start":{"line":185,"column":6},"end":{"line":185,"column":null}},"7":{"start":{"line":190,"column":6},"end":{"line":190,"column":null}},"8":{"start":{"line":192,"column":6},"end":{"line":192,"column":null}},"9":{"start":{"line":196,"column":4},"end":{"line":196,"column":null}},"10":{"start":{"line":3,"column":2},"end":{"line":152,"column":null}},"11":{"start":{"line":24,"column":19},"end":{"line":152,"column":null}},"12":{"start":{"line":5,"column":61},"end":{"line":22,"column":null}},"13":{"start":{"line":12,"column":20},"end":{"line":12,"column":null}},"14":{"start":{"line":15,"column":15},"end":{"line":15,"column":null}},"15":{"start":{"line":27,"column":31},"end":{"line":152,"column":null}},"16":{"start":{"line":36,"column":48},"end":{"line":37,"column":null}},"17":{"start":{"line":42,"column":17},"end":{"line":42,"column":null}},"18":{"start":{"line":47,"column":42},"end":{"line":49,"column":54}},"19":{"start":{"line":47,"column":34},"end":{"line":47,"column":42}},"20":{"start":{"line":48,"column":44},"end":{"line":48,"column":52}},"21":{"start":{"line":49,"column":46},"end":{"line":49,"column":54}},"22":{"start":{"line":52,"column":25},"end":{"line":52,"column":null}},"23":{"start":{"line":88,"column":24},"end":{"line":130,"column":33}},"24":{"start":{"line":87,"column":19},"end":{"line":75,"column":33}},"25":{"start":{"line":56,"column":37},"end":{"line":75,"column":33}},"26":{"start":{"line":55,"column":12},"end":{"line":75,"column":33}},"27":{"start":{"line":66,"column":34},"end":{"line":65,"column":null}},"28":{"start":{"line":63,"column":39},"end":{"line":63,"column":null}},"29":{"start":{"line":84,"column":25},"end":{"line":83,"column":69}},"30":{"start":{"line":83,"column":69},"end":{"line":83,"column":69}},"31":{"start":{"line":76,"column":34},"end":{"line":75,"column":33}},"32":{"start":{"line":75,"column":33},"end":{"line":75,"column":33}},"33":{"start":{"line":110,"column":19},"end":{"line":107,"column":33}},"34":{"start":{"line":93,"column":47},"end":{"line":107,"column":33}},"35":{"start":{"line":92,"column":12},"end":{"line":107,"column":33}},"36":{"start":{"line":103,"column":34},"end":{"line":102,"column":null}},"37":{"start":{"line":100,"column":39},"end":{"line":100,"column":null}},"38":{"start":{"line":108,"column":34},"end":{"line":107,"column":33}},"39":{"start":{"line":107,"column":33},"end":{"line":107,"column":33}},"40":{"start":{"line":133,"column":19},"end":{"line":130,"column":33}},"41":{"start":{"line":116,"column":48},"end":{"line":130,"column":33}},"42":{"start":{"line":115,"column":12},"end":{"line":130,"column":33}},"43":{"start":{"line":126,"column":34},"end":{"line":125,"column":null}},"44":{"start":{"line":123,"column":39},"end":{"line":123,"column":null}},"45":{"start":{"line":131,"column":34},"end":{"line":130,"column":33}},"46":{"start":{"line":130,"column":33},"end":{"line":130,"column":33}},"47":{"start":{"line":144,"column":61},"end":{"line":145,"column":80}}},"fnMap":{"0":{"name":"(anonymous_0)","decl":{"start":{"line":163,"column":2},"end":{"line":163,"column":6}},"loc":{"start":{"line":163,"column":9},"end":{"line":167,"column":3}},"line":163},"1":{"name":"(anonymous_1)","decl":{"start":{"line":170,"column":14},"end":{"line":170,"column":18}},"loc":{"start":{"line":170,"column":23},"end":{"line":170,"column":34}},"line":170},"2":{"name":"(anonymous_2)","decl":{"start":{"line":171,"column":15},"end":{"line":171,"column":19}},"loc":{"start":{"line":171,"column":24},"end":{"line":171,"column":37}},"line":171},"3":{"name":"(anonymous_3)","decl":{"start":{"line":172,"column":13},"end":{"line":172,"column":17}},"loc":{"start":{"line":172,"column":22},"end":{"line":172,"column":32}},"line":172},"4":{"name":"(anonymous_4)","decl":{"start":{"line":180,"column":4},"end":{"line":180,"column":16}},"loc":{"start":{"line":180,"column":19},"end":{"line":182,"column":5}},"line":180},"5":{"name":"(anonymous_5)","decl":{"start":{"line":184,"column":4},"end":{"line":184,"column":16}},"loc":{"start":{"line":184,"column":19},"end":{"line":186,"column":5}},"line":184},"6":{"name":"(anonymous_6)","decl":{"start":{"line":188,"column":4},"end":{"line":188,"column":15}},"loc":{"start":{"line":188,"column":23},"end":{"line":193,"column":null}},"line":188},"7":{"name":"(anonymous_7)","decl":{"start":{"line":195,"column":2},"end":{"line":195,"column":9}},"loc":{"start":{"line":195,"column":12},"end":{"line":197,"column":null}},"line":195},"8":{"name":"(anonymous_8)","decl":{"start":{"line":4,"column":4},"end":{"line":4,"column":18}},"loc":{"start":{"line":24,"column":19},"end":{"line":152,"column":null}},"line":24},"9":{"name":"(anonymous_9)","decl":{"start":{"line":5,"column":6},"end":{"line":5,"column":14}},"loc":{"start":{"line":5,"column":61},"end":{"line":22,"column":null}},"line":5},"10":{"name":"(anonymous_10)","decl":{"start":{"line":11,"column":7},"end":{"line":11,"column":null}},"loc":{"start":{"line":12,"column":20},"end":{"line":12,"column":null}},"line":12},"11":{"name":"(anonymous_11)","decl":{"start":{"line":14,"column":40},"end":{"line":14,"column":null}},"loc":{"start":{"line":15,"column":15},"end":{"line":15,"column":null}},"line":15},"12":{"name":"(anonymous_12)","decl":{"start":{"line":27,"column":6},"end":{"line":27,"column":31}},"loc":{"start":{"line":27,"column":31},"end":{"line":152,"column":null}},"line":27},"13":{"name":"(anonymous_13)","decl":{"start":{"line":36,"column":8},"end":{"line":36,"column":16}},"loc":{"start":{"line":36,"column":48},"end":{"line":37,"column":null}},"line":36},"14":{"name":"(anonymous_14)","decl":{"start":{"line":42,"column":17},"end":{"line":42,"column":20}},"loc":{"start":{"line":42,"column":17},"end":{"line":42,"column":null}},"line":42},"15":{"name":"(anonymous_15)","decl":{"start":{"line":47,"column":8},"end":{"line":47,"column":15}},"loc":{"start":{"line":47,"column":42},"end":{"line":49,"column":54}},"line":47},"16":{"name":"(anonymous_16)","decl":{"start":{"line":47,"column":29},"end":{"line":47,"column":34}},"loc":{"start":{"line":47,"column":34},"end":{"line":47,"column":42}},"line":47},"17":{"name":"(anonymous_17)","decl":{"start":{"line":48,"column":34},"end":{"line":48,"column":44}},"loc":{"start":{"line":48,"column":44},"end":{"line":48,"column":52}},"line":48},"18":{"name":"(anonymous_18)","decl":{"start":{"line":49,"column":35},"end":{"line":49,"column":46}},"loc":{"start":{"line":49,"column":46},"end":{"line":49,"column":54}},"line":49},"19":{"name":"(anonymous_19)","decl":{"start":{"line":52,"column":25},"end":{"line":52,"column":28}},"loc":{"start":{"line":52,"column":25},"end":{"line":52,"column":null}},"line":52},"20":{"name":"(anonymous_20)","decl":{"start":{"line":53,"column":8},"end":{"line":53,"column":23}},"loc":{"start":{"line":88,"column":24},"end":{"line":130,"column":33}},"line":88},"21":{"name":"(anonymous_21)","decl":{"start":{"line":54,"column":10},"end":{"line":54,"column":24}},"loc":{"start":{"line":87,"column":19},"end":{"line":75,"column":33}},"line":87},"22":{"name":"(anonymous_22)","decl":{"start":{"line":56,"column":14},"end":{"line":56,"column":21}},"loc":{"start":{"line":56,"column":37},"end":{"line":75,"column":33}},"line":56},"23":{"name":"(anonymous_23)","decl":{"start":{"line":56,"column":36},"end":{"line":56,"column":37}},"loc":{"start":{"line":56,"column":26},"end":{"line":75,"column":33}},"line":56},"24":{"name":"(anonymous_24)","decl":{"start":{"line":61,"column":16},"end":{"line":61,"column":null}},"loc":{"start":{"line":66,"column":34},"end":{"line":65,"column":null}},"line":66},"25":{"name":"(anonymous_25)","decl":{"start":{"line":63,"column":37},"end":{"line":63,"column":39}},"loc":{"start":{"line":63,"column":39},"end":{"line":63,"column":null}},"line":63},"26":{"name":"(anonymous_26)","decl":{"start":{"line":79,"column":16},"end":{"line":79,"column":null}},"loc":{"start":{"line":84,"column":25},"end":{"line":83,"column":69}},"line":84},"27":{"name":"(anonymous_27)","decl":{"start":{"line":83,"column":18},"end":{"line":83,"column":21}},"loc":{"start":{"line":83,"column":69},"end":{"line":83,"column":69}},"line":83},"28":{"name":"(anonymous_28)","decl":{"start":{"line":69,"column":14},"end":{"line":69,"column":null}},"loc":{"start":{"line":76,"column":34},"end":{"line":75,"column":33}},"line":76},"29":{"name":"(anonymous_29)","decl":{"start":{"line":75,"column":16},"end":{"line":75,"column":19}},"loc":{"start":{"line":75,"column":33},"end":{"line":75,"column":33}},"line":75},"30":{"name":"(anonymous_30)","decl":{"start":{"line":91,"column":10},"end":{"line":91,"column":24}},"loc":{"start":{"line":110,"column":19},"end":{"line":107,"column":33}},"line":110},"31":{"name":"(anonymous_31)","decl":{"start":{"line":93,"column":14},"end":{"line":93,"column":21}},"loc":{"start":{"line":93,"column":47},"end":{"line":107,"column":33}},"line":93},"32":{"name":"(anonymous_32)","decl":{"start":{"line":93,"column":46},"end":{"line":93,"column":47}},"loc":{"start":{"line":93,"column":26},"end":{"line":107,"column":33}},"line":93},"33":{"name":"(anonymous_33)","decl":{"start":{"line":98,"column":16},"end":{"line":98,"column":null}},"loc":{"start":{"line":103,"column":34},"end":{"line":102,"column":null}},"line":103},"34":{"name":"(anonymous_34)","decl":{"start":{"line":100,"column":37},"end":{"line":100,"column":39}},"loc":{"start":{"line":100,"column":39},"end":{"line":100,"column":null}},"line":100},"35":{"name":"(anonymous_35)","decl":{"start":{"line":106,"column":14},"end":{"line":106,"column":33}},"loc":{"start":{"line":108,"column":34},"end":{"line":107,"column":33}},"line":108},"36":{"name":"(anonymous_36)","decl":{"start":{"line":107,"column":16},"end":{"line":107,"column":19}},"loc":{"start":{"line":107,"column":33},"end":{"line":107,"column":33}},"line":107},"37":{"name":"(anonymous_37)","decl":{"start":{"line":114,"column":10},"end":{"line":114,"column":24}},"loc":{"start":{"line":133,"column":19},"end":{"line":130,"column":33}},"line":133},"38":{"name":"(anonymous_38)","decl":{"start":{"line":116,"column":14},"end":{"line":116,"column":21}},"loc":{"start":{"line":116,"column":48},"end":{"line":130,"column":33}},"line":116},"39":{"name":"(anonymous_39)","decl":{"start":{"line":116,"column":47},"end":{"line":116,"column":48}},"loc":{"start":{"line":116,"column":26},"end":{"line":130,"column":33}},"line":116},"40":{"name":"(anonymous_40)","decl":{"start":{"line":121,"column":16},"end":{"line":121,"column":null}},"loc":{"start":{"line":126,"column":34},"end":{"line":125,"column":null}},"line":126},"41":{"name":"(anonymous_41)","decl":{"start":{"line":123,"column":37},"end":{"line":123,"column":39}},"loc":{"start":{"line":123,"column":39},"end":{"line":123,"column":null}},"line":123},"42":{"name":"(anonymous_42)","decl":{"start":{"line":129,"column":14},"end":{"line":129,"column":33}},"loc":{"start":{"line":131,"column":34},"end":{"line":130,"column":33}},"line":131},"43":{"name":"(anonymous_43)","decl":{"start":{"line":130,"column":16},"end":{"line":130,"column":19}},"loc":{"start":{"line":130,"column":33},"end":{"line":130,"column":33}},"line":130},"44":{"name":"(anonymous_44)","decl":{"start":{"line":144,"column":8},"end":{"line":144,"column":16}},"loc":{"start":{"line":144,"column":61},"end":{"line":145,"column":80}},"line":144}},"branchMap":{"0":{"loc":{"start":{"line":5,"column":61},"end":{"line":7,"column":27}},"type":"binary-expr","locations":[{"start":{"line":5,"column":61},"end":{"line":5,"column":null}},{"start":{"line":5,"column":61},"end":{"line":7,"column":27}}],"line":5},"1":{"loc":{"start":{"line":9,"column":16},"end":{"line":9,"column":null}},"type":"cond-expr","locations":[{"start":{"line":9,"column":39},"end":{"line":9,"column":null}},{"start":{"line":9,"column":39},"end":{"line":9,"column":null}}],"line":9},"2":{"loc":{"start":{"line":29,"column":14},"end":{"line":37,"column":null}},"type":"cond-expr","locations":[{"start":{"line":28,"column":6},"end":{"line":37,"column":null}}],"line":29},"3":{"loc":{"start":{"line":42,"column":17},"end":{"line":42,"column":null}},"type":"binary-expr","locations":[{"start":{"line":42,"column":17},"end":{"line":42,"column":20}},{"start":{"line":42,"column":17},"end":{"line":42,"column":null}}],"line":42},"4":{"loc":{"start":{"line":47,"column":34},"end":{"line":47,"column":42}},"type":"binary-expr","locations":[{"start":{"line":47,"column":34},"end":{"line":47,"column":42}},{"start":{"line":47,"column":34},"end":{"line":47,"column":42}}],"line":47},"5":{"loc":{"start":{"line":48,"column":44},"end":{"line":48,"column":52}},"type":"binary-expr","locations":[{"start":{"line":48,"column":44},"end":{"line":48,"column":52}},{"start":{"line":48,"column":44},"end":{"line":48,"column":52}}],"line":48},"6":{"loc":{"start":{"line":49,"column":46},"end":{"line":49,"column":54}},"type":"binary-expr","locations":[{"start":{"line":49,"column":46},"end":{"line":49,"column":54}},{"start":{"line":49,"column":46},"end":{"line":49,"column":54}}],"line":49},"7":{"loc":{"start":{"line":52,"column":25},"end":{"line":52,"column":null}},"type":"binary-expr","locations":[{"start":{"line":52,"column":25},"end":{"line":52,"column":28}},{"start":{"line":52,"column":25},"end":{"line":52,"column":null}}],"line":52},"8":{"loc":{"start":{"line":54,"column":24},"end":{"line":75,"column":33}},"type":"cond-expr","locations":[{"start":{"line":54,"column":10},"end":{"line":75,"column":33}}],"line":54},"9":{"loc":{"start":{"line":65,"column":26},"end":{"line":65,"column":null}},"type":"cond-expr","locations":[{"start":{"line":65,"column":42},"end":{"line":65,"column":null}},{"start":{"line":65,"column":42},"end":{"line":65,"column":null}}],"line":65},"10":{"loc":{"start":{"line":80,"column":26},"end":{"line":80,"column":null}},"type":"cond-expr","locations":[{"start":{"line":80,"column":42},"end":{"line":80,"column":null}},{"start":{"line":80,"column":42},"end":{"line":80,"column":null}}],"line":80},"11":{"loc":{"start":{"line":83,"column":21},"end":{"line":83,"column":69}},"type":"cond-expr","locations":[{"start":{"line":83,"column":37},"end":{"line":83,"column":69}},{"start":{"line":83,"column":37},"end":{"line":83,"column":69}}],"line":83},"12":{"loc":{"start":{"line":91,"column":24},"end":{"line":107,"column":33}},"type":"cond-expr","locations":[{"start":{"line":91,"column":10},"end":{"line":107,"column":33}}],"line":91},"13":{"loc":{"start":{"line":114,"column":24},"end":{"line":130,"column":33}},"type":"cond-expr","locations":[{"start":{"line":114,"column":10},"end":{"line":130,"column":33}}],"line":114},"14":{"loc":{"start":{"line":139,"column":15},"end":{"line":145,"column":80}},"type":"cond-expr","locations":[{"start":{"line":138,"column":6},"end":{"line":145,"column":80}}],"line":139},"15":{"loc":{"start":{"line":139,"column":15},"end":{"line":139,"column":null}},"type":"binary-expr","locations":[{"start":{"line":139,"column":15},"end":{"line":139,"column":22}},{"start":{"line":139,"column":26},"end":{"line":139,"column":null}}],"line":139},"16":{"loc":{"start":{"line":145,"column":8},"end":{"line":145,"column":80}},"type":"binary-expr","locations":[{"start":{"line":145,"column":8},"end":{"line":145,"column":13}},{"start":{"line":145,"column":8},"end":{"line":145,"column":80}}],"line":145},"17":{"loc":{"start":{"line":150,"column":14},"end":{"line":152,"column":null}},"type":"cond-expr","locations":[{"start":{"line":149,"column":6},"end":{"line":152,"column":null}}],"line":150},"18":{"loc":{"start":{"line":150,"column":14},"end":{"line":150,"column":39}},"type":"binary-expr","locations":[{"start":{"line":150,"column":14},"end":{"line":150,"column":21}},{"start":{"line":150,"column":21},"end":{"line":150,"column":39}}],"line":150}},"s":{"0":1,"1":6,"2":6,"3":6,"4":6,"5":8,"6":0,"7":0,"8":0,"9":6,"10":6,"11":6,"12":6,"13":6,"14":6,"15":6,"16":1,"17":0,"18":6,"19":6,"20":6,"21":6,"22":0,"23":6,"24":6,"25":6,"26":12,"27":0,"28":0,"29":0,"30":0,"31":12,"32":12,"33":6,"34":6,"35":6,"36":0,"37":0,"38":6,"39":6,"40":6,"41":6,"42":6,"43":0,"44":0,"45":6,"46":6,"47":0},"f":{"0":6,"1":6,"2":6,"3":6,"4":8,"5":0,"6":0,"7":6,"8":6,"9":6,"10":6,"11":6,"12":6,"13":1,"14":0,"15":6,"16":6,"17":6,"18":6,"19":0,"20":6,"21":6,"22":6,"23":12,"24":0,"25":0,"26":0,"27":0,"28":12,"29":12,"30":6,"31":6,"32":6,"33":0,"34":0,"35":6,"36":6,"37":6,"38":6,"39":6,"40":0,"41":0,"42":6,"43":6,"44":0},"b":{"0":[6,6],"1":[6,0],"2":[1,null],"3":[6,6],"4":[6,6],"5":[6,6],"6":[6,6],"7":[6,6],"8":[6,null],"9":[0,0],"10":[0,0],"11":[0,0],"12":[6,null],"13":[6,null],"14":[0,null],"15":[6,6],"16":[0,0],"17":[0,null],"18":[6,0]},"meta":{"lastBranch":19,"lastFunction":45,"lastStatement":48,"seen":{"s:161:15:198:Infinity":0,"f:163:2:163:6":0,"s:164:4:166:Infinity":1,"f:170:14:170:18":1,"s:170:23:170:34":2,"f:171:15:171:19":2,"s:171:24:171:37":3,"f:172:13:172:17":3,"s:172:22:172:32":4,"f:180:4:180:16":4,"s:181:6:181:Infinity":5,"f:184:4:184:16":5,"s:185:6:185:Infinity":6,"f:188:4:188:15":6,"s:190:6:190:Infinity":7,"s:192:6:192:Infinity":8,"f:195:2:195:9":7,"s:196:4:196:Infinity":9,"s:3:2:152:Infinity":10,"f:4:4:4:18":8,"s:24:19:152:Infinity":11,"f:5:6:5:14":9,"s:5:61:22:Infinity":12,"b:5:61:5:Infinity:5:61:7:27":0,"b:9:39:9:Infinity:9:39:9:Infinity":1,"f:11:7:11:Infinity":10,"s:12:20:12:Infinity":13,"f:14:40:14:Infinity":11,"s:15:15:15:Infinity":14,"f:27:6:27:31":12,"s:27:31:152:Infinity":15,"b:28:6:37:Infinity":2,"f:36:8:36:16":13,"s:36:48:37:Infinity":16,"b:42:17:42:20:42:17:42:Infinity":3,"f:42:17:42:20":14,"s:42:17:42:Infinity":17,"f:47:8:47:15":15,"s:47:42:49:54":18,"f:47:29:47:34":16,"s:47:34:47:42":19,"b:47:34:47:42:47:34:47:42":4,"f:48:34:48:44":17,"s:48:44:48:52":20,"b:48:44:48:52:48:44:48:52":5,"f:49:35:49:46":18,"s:49:46:49:54":21,"b:49:46:49:54:49:46:49:54":6,"b:52:25:52:28:52:25:52:Infinity":7,"f:52:25:52:28":19,"s:52:25:52:Infinity":22,"f:53:8:53:23":20,"s:88:24:130:33":23,"f:54:10:54:24":21,"s:87:19:75:33":24,"b:54:10:75:33":8,"f:56:14:56:21":22,"s:56:37:75:33":25,"f:56:36:56:37":23,"s:55:12:75:33":26,"f:61:16:61:Infinity":24,"s:66:34:65:Infinity":27,"f:63:37:63:39":25,"s:63:39:63:Infinity":28,"b:65:42:65:Infinity:65:42:65:Infinity":9,"f:79:16:79:Infinity":26,"s:84:25:83:69":29,"b:80:42:80:Infinity:80:42:80:Infinity":10,"f:83:18:83:21":27,"s:83:69:83:69":30,"b:83:37:83:69:83:37:83:69":11,"f:69:14:69:Infinity":28,"s:76:34:75:33":31,"f:75:16:75:19":29,"s:75:33:75:33":32,"f:91:10:91:24":30,"s:110:19:107:33":33,"b:91:10:107:33":12,"f:93:14:93:21":31,"s:93:47:107:33":34,"f:93:46:93:47":32,"s:92:12:107:33":35,"f:98:16:98:Infinity":33,"s:103:34:102:Infinity":36,"f:100:37:100:39":34,"s:100:39:100:Infinity":37,"f:106:14:106:33":35,"s:108:34:107:33":38,"f:107:16:107:19":36,"s:107:33:107:33":39,"f:114:10:114:24":37,"s:133:19:130:33":40,"b:114:10:130:33":13,"f:116:14:116:21":38,"s:116:48:130:33":41,"f:116:47:116:48":39,"s:115:12:130:33":42,"f:121:16:121:Infinity":40,"s:126:34:125:Infinity":43,"f:123:37:123:39":41,"s:123:39:123:Infinity":44,"f:129:14:129:33":42,"s:131:34:130:33":45,"f:130:16:130:19":43,"s:130:33:130:33":46,"b:138:6:145:80":14,"b:139:15:139:22:139:26:139:Infinity":15,"f:144:8:144:16":44,"s:144:61:145:80":47,"b:145:8:145:13:145:8:145:80":16,"b:149:6:152:Infinity":17,"b:150:14:150:21:150:21:150:39":18}}}
,"E:\\CLASES\\PF1161\\M7\\MÓDULO 7-20251105T122658Z-1-001\\MÓDULO 7\\L3\\gestor-tareas-vuex\\src\\store\\modules\\tareas.js": {"path":"E:\\CLASES\\PF1161\\M7\\MÓDULO 7-20251105T122658Z-1-001\\MÓDULO 7\\L3\\gestor-tareas-vuex\\src\\store\\modules\\tareas.js","statementMap":{"0":{"start":{"line":4,"column":18},"end":{"line":7,"column":2}},"1":{"start":{"line":18,"column":6},"end":{"line":18,"column":26}},"2":{"start":{"line":19,"column":6},"end":{"line":19,"column":24}},"3":{"start":{"line":22,"column":6},"end":{"line":22,"column":32}},"4":{"start":{"line":25,"column":6},"end":{"line":25,"column":28}},"5":{"start":{"line":28,"column":6},"end":{"line":28,"column":25}},"6":{"start":{"line":33,"column":6},"end":{"line":33,"column":33}},"7":{"start":{"line":34,"column":6},"end":{"line":41,"column":7}},"8":{"start":{"line":35,"column":25},"end":{"line":35,"column":55}},"9":{"start":{"line":36,"column":8},"end":{"line":36,"column":43}},"10":{"start":{"line":38,"column":8},"end":{"line":38,"column":71}},"11":{"start":{"line":40,"column":8},"end":{"line":40,"column":36}},"12":{"start":{"line":44,"column":6},"end":{"line":44,"column":33}},"13":{"start":{"line":45,"column":6},"end":{"line":57,"column":7}},"14":{"start":{"line":46,"column":25},"end":{"line":49,"column":10}},"15":{"start":{"line":50,"column":8},"end":{"line":50,"column":46}},"16":{"start":{"line":51,"column":8},"end":{"line":51,"column":28}},"17":{"start":{"line":53,"column":8},"end":{"line":53,"column":71}},"18":{"start":{"line":54,"column":8},"end":{"line":54,"column":19}},"19":{"start":{"line":56,"column":8},"end":{"line":56,"column":36}},"20":{"start":{"line":61,"column":33},"end":{"line":61,"column":71}},"21":{"start":{"line":61,"column":57},"end":{"line":61,"column":70}},"22":{"start":{"line":62,"column":34},"end":{"line":62,"column":71}},"23":{"start":{"line":62,"column":58},"end":{"line":62,"column":70}},"24":{"start":{"line":63,"column":28},"end":{"line":63,"column":46}}},"fnMap":{"0":{"name":"(anonymous_0)","decl":{"start":{"line":17,"column":4},"end":{"line":17,"column":14}},"loc":{"start":{"line":17,"column":30},"end":{"line":20,"column":5}},"line":17},"1":{"name":"(anonymous_1)","decl":{"start":{"line":21,"column":4},"end":{"line":21,"column":17}},"loc":{"start":{"line":21,"column":32},"end":{"line":23,"column":5}},"line":21},"2":{"name":"(anonymous_2)","decl":{"start":{"line":24,"column":4},"end":{"line":24,"column":15}},"loc":{"start":{"line":24,"column":31},"end":{"line":26,"column":5}},"line":24},"3":{"name":"(anonymous_3)","decl":{"start":{"line":27,"column":4},"end":{"line":27,"column":13}},"loc":{"start":{"line":27,"column":28},"end":{"line":29,"column":5}},"line":27},"4":{"name":"(anonymous_4)","decl":{"start":{"line":32,"column":10},"end":{"line":32,"column":21}},"loc":{"start":{"line":32,"column":34},"end":{"line":42,"column":5}},"line":32},"5":{"name":"(anonymous_5)","decl":{"start":{"line":43,"column":10},"end":{"line":43,"column":22}},"loc":{"start":{"line":43,"column":47},"end":{"line":58,"column":5}},"line":43},"6":{"name":"(anonymous_6)","decl":{"start":{"line":61,"column":22},"end":{"line":61,"column":23}},"loc":{"start":{"line":61,"column":33},"end":{"line":61,"column":71}},"line":61},"7":{"name":"(anonymous_7)","decl":{"start":{"line":61,"column":52},"end":{"line":61,"column":53}},"loc":{"start":{"line":61,"column":57},"end":{"line":61,"column":70}},"line":61},"8":{"name":"(anonymous_8)","decl":{"start":{"line":62,"column":23},"end":{"line":62,"column":24}},"loc":{"start":{"line":62,"column":34},"end":{"line":62,"column":71}},"line":62},"9":{"name":"(anonymous_9)","decl":{"start":{"line":62,"column":53},"end":{"line":62,"column":54}},"loc":{"start":{"line":62,"column":58},"end":{"line":62,"column":70}},"line":62},"10":{"name":"(anonymous_10)","decl":{"start":{"line":63,"column":17},"end":{"line":63,"column":18}},"loc":{"start":{"line":63,"column":28},"end":{"line":63,"column":46}},"line":63}},"branchMap":{},"s":{"0":3,"1":1,"2":1,"3":1,"4":2,"5":1,"6":0,"7":0,"8":0,"9":0,"10":0,"11":0,"12":0,"13":0,"14":0,"15":0,"16":0,"17":0,"18":0,"19":0,"20":7,"21":15,"22":7,"23":15,"24":7},"f":{"0":1,"1":1,"2":2,"3":1,"4":0,"5":0,"6":7,"7":15,"8":7,"9":15,"10":7},"b":{},"meta":{"lastBranch":0,"lastFunction":11,"lastStatement":25,"seen":{"s:4:18:7:2":0,"f:17:4:17:14":0,"s:18:6:18:26":1,"s:19:6:19:24":2,"f:21:4:21:17":1,"s:22:6:22:32":3,"f:24:4:24:15":2,"s:25:6:25:28":4,"f:27:4:27:13":3,"s:28:6:28:25":5,"f:32:10:32:21":4,"s:33:6:33:33":6,"s:34:6:41:7":7,"s:35:25:35:55":8,"s:36:8:36:43":9,"s:38:8:38:71":10,"s:40:8:40:36":11,"f:43:10:43:22":5,"s:44:6:44:33":12,"s:45:6:57:7":13,"s:46:25:49:10":14,"s:50:8:50:46":15,"s:51:8:51:28":16,"s:53:8:53:71":17,"s:54:8:54:19":18,"s:56:8:56:36":19,"f:61:22:61:23":6,"s:61:33:61:71":20,"f:61:52:61:53":7,"s:61:57:61:70":21,"f:62:23:62:24":8,"s:62:34:62:71":22,"f:62:53:62:54":9,"s:62:58:62:70":23,"f:63:17:63:18":10,"s:63:28:63:46":24}}}
}
